DEPRECATED: The legacy builder is deprecated and will be removed in a future release.
            Install the buildx component to build images with BuildKit:
            https://docs.docker.com/go/buildx/

Sending build context to Docker daemon  3.618GB
Step 1/14 : FROM ubuntu:22.04
 ---> 104ae83764a5
Step 2/14 : ENV DEBIAN_FRONTEND=noninteractive
 ---> Using cache
 ---> 0054fd166e9d
Step 3/14 : RUN apt-get update && apt-get install -y --no-install-recommends   ca-certificates curl build-essential git pkg-config wget gnupg2 dirmngr   libssl-dev libgtk-3-dev libwebkit2gtk-4.1-dev libayatana-appindicator3-dev libnotify-dev   librsvg2-dev   libfuse2 python3 python3-pip xz-utils unzip ca-certificates file   && rm -rf /var/lib/apt/lists/*
 ---> Using cache
 ---> 6d0bc798e7c8
Step 4/14 : RUN curl -fsSL https://deb.nodesource.com/setup_18.x | bash - &&   apt-get install -y --no-install-recommends nodejs && rm -rf /var/lib/apt/lists/*
 ---> Using cache
 ---> bd3a5e14f912
Step 5/14 : RUN curl --proto '=https' --tlsv1.2 -sSf https://sh.rustup.rs | sh -s -- -y
 ---> Using cache
 ---> 12504bbe8fb3
Step 6/14 : ENV PATH="/root/.cargo/bin:${PATH}"
 ---> Using cache
 ---> 84c8e3371835
Step 7/14 : RUN npm install -g @tauri-apps/cli@^2.9.6
 ---> Using cache
 ---> d8885ae3681b
Step 8/14 : WORKDIR /home/tauri
 ---> Using cache
 ---> 7ae0219ec7e3
Step 9/14 : COPY ./client /home/tauri/client
 ---> Using cache
 ---> 09f293b2f2b8
Step 10/14 : WORKDIR /home/tauri/client
 ---> Using cache
 ---> ad65d594f1c3
Step 11/14 : RUN npm install && npm run build
 ---> Using cache
 ---> 718f9163bc28
Step 12/14 : ENV TAURI_DIST_DIR=/home/tauri/client/dist
 ---> Using cache
 ---> b1d6824c1257
Step 13/14 : ENV TAURI_DEV_PATH=http://localhost:5173
 ---> Using cache
 ---> f77da3721347
Step 14/14 : RUN npx tauri build --verbose
 ---> Using cache
 ---> 6643a888296e
Successfully built 6643a888296e
Successfully tagged ddgp-tauri:latest
943d46b13f517d6dd4f58066c5c9978c4aff3cd9cbbe87350c03bae22746dda6
Done. Artifacts (if produced) copied to ./build-artifacts
